# JRE version: OpenJDK Runtime Environment Temurin-17.0.8.1+1 (17.0.8.1+1) (build 17.0.8.1+1)
# Java VM: OpenJDK 64-Bit Server VM Temurin-17.0.8.1+1 (17.0.8.1+1, mixed mode, tiered, compressed oops, compressed class ptrs, parallel gc, windows-amd64)
GC Precious Log:
 CPUs: 12 total, 12 available
 Memory: 8060M
 Large Page Support: Disabled
 NUMA Support: Disabled
 Compressed Oops: Enabled (32-bit)
 Alignments: Space 512K, Generation 512K, Heap 2M
 Heap Min Capacity: 100M
 Heap Initial Capacity: 100M
 Heap Max Capacity: 1G
 Pre-touch: Disabled
 Parallel Workers: 10
Heap:
 PSYoungGen      total 12288K, used 8896K [0x00000000eab00000, 0x00000000ebc00000, 0x0000000100000000)
  eden space 9216K, 63% used [0x00000000eab00000,0x00000000eb0b7bc0,0x00000000eb400000)
  from space 3072K, 98% used [0x00000000eb400000,0x00000000eb6f8448,0x00000000eb700000)
  to   space 3584K, 0% used [0x00000000eb880000,0x00000000eb880000,0x00000000ebc00000)
 ParOldGen       total 383488K, used 351090K [0x00000000c0000000, 0x00000000d7680000, 0x00000000eab00000)
  object space 383488K, 91% used [0x00000000c0000000,0x00000000d56dca78,0x00000000d7680000)
 Metaspace       used 69279K, committed 70464K, reserved 1114112K
  class space    used 8063K, committed 8640K, reserved 1048576K
GC Heap History (20 events):
Event: 16.742 GC heap before
{Heap before GC invocations=195 (full 11):
 PSYoungGen      total 9728K, used 9280K [0x00000000eab00000, 0x00000000eb600000, 0x0000000100000000)
  eden space 8704K, 100% used [0x00000000eab00000,0x00000000eb380000,0x00000000eb380000)
  from space 1024K, 56% used [0x00000000eb380000,0x00000000eb410000,0x00000000eb480000)
  to   space 1024K, 0% used [0x00000000eb500000,0x00000000eb500000,0x00000000eb600000)
 ParOldGen       total 383488K, used 349243K [0x00000000c0000000, 0x00000000d7680000, 0x00000000eab00000)
  object space 383488K, 91% used [0x00000000c0000000,0x00000000d550ecf8,0x00000000d7680000)
 Metaspace       used 63992K, committed 65088K, reserved 1114112K
  class space    used 7437K, committed 7936K, reserved 1048576K
}
Event: 16.744 GC heap after
{Heap after GC invocations=195 (full 11):
 PSYoungGen      total 10240K, used 800K [0x00000000eab00000, 0x00000000eb680000, 0x0000000100000000)
  eden space 9216K, 0% used [0x00000000eab00000,0x00000000eab00000,0x00000000eb400000)
  from space 1024K, 78% used [0x00000000eb500000,0x00000000eb5c8000,0x00000000eb600000)
  to   space 1024K, 0% used [0x00000000eb400000,0x00000000eb400000,0x00000000eb500000)
 ParOldGen       total 383488K, used 349243K [0x00000000c0000000, 0x00000000d7680000, 0x00000000eab00000)
  object space 383488K, 91% used [0x00000000c0000000,0x00000000d550ecf8,0x00000000d7680000)
 Metaspace       used 63992K, committed 65088K, reserved 1114112K
  class space    used 7437K, committed 7936K, reserved 1048576K
}
Event: 16.993 GC heap before
{Heap before GC invocations=196 (full 11):
 PSYoungGen      total 10240K, used 10016K [0x00000000eab00000, 0x00000000eb680000, 0x0000000100000000)
  eden space 9216K, 100% used [0x00000000eab00000,0x00000000eb400000,0x00000000eb400000)
  from space 1024K, 78% used [0x00000000eb500000,0x00000000eb5c8000,0x00000000eb600000)
  to   space 1024K, 0% used [0x00000000eb400000,0x00000000eb400000,0x00000000eb500000)
 ParOldGen       total 383488K, used 349243K [0x00000000c0000000, 0x00000000d7680000, 0x00000000eab00000)
  object space 383488K, 91% used [0x00000000c0000000,0x00000000d550ecf8,0x00000000d7680000)
 Metaspace       used 65142K, committed 66176K, reserved 1114112K
  class space    used 7601K, committed 8064K, reserved 1048576K
}
Event: 16.995 GC heap after
{Heap after GC invocations=196 (full 11):
 PSYoungGen      total 10240K, used 1024K [0x00000000eab00000, 0x00000000eb700000, 0x0000000100000000)
  eden space 9216K, 0% used [0x00000000eab00000,0x00000000eab00000,0x00000000eb400000)
  from space 1024K, 100% used [0x00000000eb400000,0x00000000eb500000,0x00000000eb500000)
  to   space 1536K, 0% used [0x00000000eb580000,0x00000000eb580000,0x00000000eb700000)
 ParOldGen       total 383488K, used 349251K [0x00000000c0000000, 0x00000000d7680000, 0x00000000eab00000)
  object space 383488K, 91% used [0x00000000c0000000,0x00000000d5510cf8,0x00000000d7680000)
 Metaspace       used 65142K, committed 66176K, reserved 1114112K
  class space    used 7601K, committed 8064K, reserved 1048576K
}
Event: 19.107 GC heap before
{Heap before GC invocations=197 (full 11):
 PSYoungGen      total 10240K, used 10240K [0x00000000eab00000, 0x00000000eb700000, 0x0000000100000000)
  eden space 9216K, 100% used [0x00000000eab00000,0x00000000eb400000,0x00000000eb400000)
  from space 1024K, 100% used [0x00000000eb400000,0x00000000eb500000,0x00000000eb500000)
  to   space 1536K, 0% used [0x00000000eb580000,0x00000000eb580000,0x00000000eb700000)
 ParOldGen       total 383488K, used 349251K [0x00000000c0000000, 0x00000000d7680000, 0x00000000eab00000)
  object space 383488K, 91% used [0x00000000c0000000,0x00000000d5510cf8,0x00000000d7680000)
 Metaspace       used 66040K, committed 67072K, reserved 1114112K
  class space    used 7725K, committed 8192K, reserved 1048576K
}
Event: 19.109 GC heap after
{Heap after GC invocations=197 (full 11):
 PSYoungGen      total 10752K, used 1392K [0x00000000eab00000, 0x00000000eb700000, 0x0000000100000000)
  eden space 9216K, 0% used [0x00000000eab00000,0x00000000eab00000,0x00000000eb400000)
  from space 1536K, 90% used [0x00000000eb580000,0x00000000eb6dc010,0x00000000eb700000)
  to   space 1536K, 0% used [0x00000000eb400000,0x00000000eb400000,0x00000000eb580000)
 ParOldGen       total 383488K, used 349259K [0x00000000c0000000, 0x00000000d7680000, 0x00000000eab00000)
  object space 383488K, 91% used [0x00000000c0000000,0x00000000d5512cf8,0x00000000d7680000)
 Metaspace       used 66040K, committed 67072K, reserved 1114112K
  class space    used 7725K, committed 8192K, reserved 1048576K
}
Event: 19.298 GC heap before
{Heap before GC invocations=198 (full 11):
 PSYoungGen      total 10752K, used 10608K [0x00000000eab00000, 0x00000000eb700000, 0x0000000100000000)
  eden space 9216K, 100% used [0x00000000eab00000,0x00000000eb400000,0x00000000eb400000)
  from space 1536K, 90% used [0x00000000eb580000,0x00000000eb6dc010,0x00000000eb700000)
  to   space 1536K, 0% used [0x00000000eb400000,0x00000000eb400000,0x00000000eb580000)
 ParOldGen       total 383488K, used 349259K [0x00000000c0000000, 0x00000000d7680000, 0x00000000eab00000)
  object space 383488K, 91% used [0x00000000c0000000,0x00000000d5512cf8,0x00000000d7680000)
 Metaspace       used 66535K, committed 67712K, reserved 1114112K
  class space    used 7784K, committed 8320K, reserved 1048576K
}
Event: 19.300 GC heap after
{Heap after GC invocations=198 (full 11):
 PSYoungGen      total 10752K, used 1520K [0x00000000eab00000, 0x00000000eb800000, 0x0000000100000000)
  eden space 9216K, 0% used [0x00000000eab00000,0x00000000eab00000,0x00000000eb400000)
  from space 1536K, 98% used [0x00000000eb400000,0x00000000eb57c010,0x00000000eb580000)
  to   space 2048K, 0% used [0x00000000eb600000,0x00000000eb600000,0x00000000eb800000)
 ParOldGen       total 383488K, used 349275K [0x00000000c0000000, 0x00000000d7680000, 0x00000000eab00000)
  object space 383488K, 91% used [0x00000000c0000000,0x00000000d5516cf8,0x00000000d7680000)
 Metaspace       used 66535K, committed 67712K, reserved 1114112K
  class space    used 7784K, committed 8320K, reserved 1048576K
}
Event: 19.409 GC heap before
{Heap before GC invocations=199 (full 11):
 PSYoungGen      total 10752K, used 10736K [0x00000000eab00000, 0x00000000eb800000, 0x0000000100000000)
  eden space 9216K, 100% used [0x00000000eab00000,0x00000000eb400000,0x00000000eb400000)
  from space 1536K, 98% used [0x00000000eb400000,0x00000000eb57c010,0x00000000eb580000)
  to   space 2048K, 0% used [0x00000000eb600000,0x00000000eb600000,0x00000000eb800000)
 ParOldGen       total 383488K, used 349275K [0x00000000c0000000, 0x00000000d7680000, 0x00000000eab00000)
  object space 383488K, 91% used [0x00000000c0000000,0x00000000d5516cf8,0x00000000d7680000)
 Metaspace       used 67026K, committed 68224K, reserved 1114112K
  class space    used 7841K, committed 8384K, reserved 1048576K
}
Event: 19.412 GC heap after
{Heap after GC invocations=199 (full 11):
 PSYoungGen      total 11264K, used 1671K [0x00000000eab00000, 0x00000000eb800000, 0x0000000100000000)
  eden space 9216K, 0% used [0x00000000eab00000,0x00000000eab00000,0x00000000eb400000)
  from space 2048K, 81% used [0x00000000eb600000,0x00000000eb7a1fd8,0x00000000eb800000)
  to   space 2048K, 0% used [0x00000000eb400000,0x00000000eb400000,0x00000000eb600000)
 ParOldGen       total 383488K, used 349739K [0x00000000c0000000, 0x00000000d7680000, 0x00000000eab00000)
  object space 383488K, 91% used [0x00000000c0000000,0x00000000d558ad48,0x00000000d7680000)
 Metaspace       used 67026K, committed 68224K, reserved 1114112K
  class space    used 7841K, committed 8384K, reserved 1048576K
}
Event: 19.433 GC heap before
{Heap before GC invocations=200 (full 11):
 PSYoungGen      total 11264K, used 10887K [0x00000000eab00000, 0x00000000eb800000, 0x0000000100000000)
  eden space 9216K, 100% used [0x00000000eab00000,0x00000000eb400000,0x00000000eb400000)
  from space 2048K, 81% used [0x00000000eb600000,0x00000000eb7a1fd8,0x00000000eb800000)
  to   space 2048K, 0% used [0x00000000eb400000,0x00000000eb400000,0x00000000eb600000)
 ParOldGen       total 383488K, used 349739K [0x00000000c0000000, 0x00000000d7680000, 0x00000000eab00000)
  object space 383488K, 91% used [0x00000000c0000000,0x00000000d558ad48,0x00000000d7680000)
 Metaspace       used 67141K, committed 68288K, reserved 1114112K
  class space    used 7857K, committed 8384K, reserved 1048576K
}
Event: 19.436 GC heap after
{Heap after GC invocations=200 (full 11):
 PSYoungGen      total 11264K, used 2039K [0x00000000eab00000, 0x00000000eb900000, 0x0000000100000000)
  eden space 9216K, 0% used [0x00000000eab00000,0x00000000eab00000,0x00000000eb400000)
  from space 2048K, 99% used [0x00000000eb400000,0x00000000eb5fdfc8,0x00000000eb600000)
  to   space 2560K, 0% used [0x00000000eb680000,0x00000000eb680000,0x00000000eb900000)
 ParOldGen       total 383488K, used 349891K [0x00000000c0000000, 0x00000000d7680000, 0x00000000eab00000)
  object space 383488K, 91% used [0x00000000c0000000,0x00000000d55b0d58,0x00000000d7680000)
 Metaspace       used 67141K, committed 68288K, reserved 1114112K
  class space    used 7857K, committed 8384K, reserved 1048576K
}
Event: 19.456 GC heap before
{Heap before GC invocations=201 (full 11):
 PSYoungGen      total 11264K, used 11255K [0x00000000eab00000, 0x00000000eb900000, 0x0000000100000000)
  eden space 9216K, 100% used [0x00000000eab00000,0x00000000eb400000,0x00000000eb400000)
  from space 2048K, 99% used [0x00000000eb400000,0x00000000eb5fdfc8,0x00000000eb600000)
  to   space 2560K, 0% used [0x00000000eb680000,0x00000000eb680000,0x00000000eb900000)
 ParOldGen       total 383488K, used 349891K [0x00000000c0000000, 0x00000000d7680000, 0x00000000eab00000)
  object space 383488K, 91% used [0x00000000c0000000,0x00000000d55b0d58,0x00000000d7680000)
 Metaspace       used 67247K, committed 68416K, reserved 1114112K
  class space    used 7867K, committed 8384K, reserved 1048576K
}
Event: 19.459 GC heap after
{Heap after GC invocations=201 (full 11):
 PSYoungGen      total 10752K, used 2553K [0x00000000eab00000, 0x00000000ebc00000, 0x0000000100000000)
  eden space 8192K, 0% used [0x00000000eab00000,0x00000000eab00000,0x00000000eb300000)
  from space 2560K, 99% used [0x00000000eb680000,0x00000000eb8fe470,0x00000000eb900000)
  to   space 3584K, 0% used [0x00000000eb300000,0x00000000eb300000,0x00000000eb680000)
 ParOldGen       total 383488K, used 350490K [0x00000000c0000000, 0x00000000d7680000, 0x00000000eab00000)
  object space 383488K, 91% used [0x00000000c0000000,0x00000000d5646a78,0x00000000d7680000)
 Metaspace       used 67247K, committed 68416K, reserved 1114112K
  class space    used 7867K, committed 8384K, reserved 1048576K
}
Event: 19.510 GC heap before
{Heap before GC invocations=202 (full 11):
 PSYoungGen      total 10752K, used 10745K [0x00000000eab00000, 0x00000000ebc00000, 0x0000000100000000)
  eden space 8192K, 100% used [0x00000000eab00000,0x00000000eb300000,0x00000000eb300000)
  from space 2560K, 99% used [0x00000000eb680000,0x00000000eb8fe470,0x00000000eb900000)
  to   space 3584K, 0% used [0x00000000eb300000,0x00000000eb300000,0x00000000eb680000)
 ParOldGen       total 383488K, used 350490K [0x00000000c0000000, 0x00000000d7680000, 0x00000000eab00000)
  object space 383488K, 91% used [0x00000000c0000000,0x00000000d5646a78,0x00000000d7680000)
 Metaspace       used 67402K, committed 68544K, reserved 1114112K
  class space    used 7883K, committed 8384K, reserved 1048576K
}
Event: 19.513 GC heap after
{Heap after GC invocations=202 (full 11):
 PSYoungGen      total 11776K, used 2737K [0x00000000eab00000, 0x00000000eba00000, 0x0000000100000000)
  eden space 8192K, 0% used [0x00000000eab00000,0x00000000eab00000,0x00000000eb300000)
  from space 3584K, 76% used [0x00000000eb300000,0x00000000eb5ac438,0x00000000eb680000)
  to   space 3072K, 0% used [0x00000000eb700000,0x00000000eb700000,0x00000000eba00000)
 ParOldGen       total 383488K, used 351058K [0x00000000c0000000, 0x00000000d7680000, 0x00000000eab00000)
  object space 383488K, 91% used [0x00000000c0000000,0x00000000d56d4a78,0x00000000d7680000)
 Metaspace       used 67402K, committed 68544K, reserved 1114112K
  class space    used 7883K, committed 8384K, reserved 1048576K
}
Event: 19.534 GC heap before
{Heap before GC invocations=203 (full 11):
 PSYoungGen      total 11776K, used 10929K [0x00000000eab00000, 0x00000000eba00000, 0x0000000100000000)
  eden space 8192K, 100% used [0x00000000eab00000,0x00000000eb300000,0x00000000eb300000)
  from space 3584K, 76% used [0x00000000eb300000,0x00000000eb5ac438,0x00000000eb680000)
  to   space 3072K, 0% used [0x00000000eb700000,0x00000000eb700000,0x00000000eba00000)
 ParOldGen       total 383488K, used 351058K [0x00000000c0000000, 0x00000000d7680000, 0x00000000eab00000)
  object space 383488K, 91% used [0x00000000c0000000,0x00000000d56d4a78,0x00000000d7680000)
 Metaspace       used 67469K, committed 68672K, reserved 1114112K
  class space    used 7890K, committed 8448K, reserved 1048576K
}
Event: 19.537 GC heap after
{Heap after GC invocations=203 (full 11):
 PSYoungGen      total 12288K, used 2801K [0x00000000eab00000, 0x00000000eba00000, 0x0000000100000000)
  eden space 9216K, 0% used [0x00000000eab00000,0x00000000eab00000,0x00000000eb400000)
  from space 3072K, 91% used [0x00000000eb700000,0x00000000eb9bc438,0x00000000eba00000)
  to   space 3072K, 0% used [0x00000000eb400000,0x00000000eb400000,0x00000000eb700000)
 ParOldGen       total 383488K, used 351058K [0x00000000c0000000, 0x00000000d7680000, 0x00000000eab00000)
  object space 383488K, 91% used [0x00000000c0000000,0x00000000d56d4a78,0x00000000d7680000)
 Metaspace       used 67469K, committed 68672K, reserved 1114112K
  class space    used 7890K, committed 8448K, reserved 1048576K
}
Event: 19.633 GC heap before
{Heap before GC invocations=204 (full 11):
 PSYoungGen      total 12288K, used 12017K [0x00000000eab00000, 0x00000000eba00000, 0x0000000100000000)
  eden space 9216K, 100% used [0x00000000eab00000,0x00000000eb400000,0x00000000eb400000)
  from space 3072K, 91% used [0x00000000eb700000,0x00000000eb9bc438,0x00000000eba00000)
  to   space 3072K, 0% used [0x00000000eb400000,0x00000000eb400000,0x00000000eb700000)
 ParOldGen       total 383488K, used 351058K [0x00000000c0000000, 0x00000000d7680000, 0x00000000eab00000)
  object space 383488K, 91% used [0x00000000c0000000,0x00000000d56d4a78,0x00000000d7680000)
 Metaspace       used 68573K, committed 69760K, reserved 1114112K
  class space    used 7975K, committed 8512K, reserved 1048576K
}
Event: 19.636 GC heap after
{Heap after GC invocations=204 (full 11):
 PSYoungGen      total 12288K, used 3041K [0x00000000eab00000, 0x00000000ebc00000, 0x0000000100000000)
  eden space 9216K, 0% used [0x00000000eab00000,0x00000000eab00000,0x00000000eb400000)
  from space 3072K, 98% used [0x00000000eb400000,0x00000000eb6f8448,0x00000000eb700000)
  to   space 3584K, 0% used [0x00000000eb880000,0x00000000eb880000,0x00000000ebc00000)
 ParOldGen       total 383488K, used 351090K [0x00000000c0000000, 0x00000000d7680000, 0x00000000eab00000)
  object space 383488K, 91% used [0x00000000c0000000,0x00000000d56dca78,0x00000000d7680000)
 Metaspace       used 68573K, committed 69760K, reserved 1114112K
  class space    used 7975K, committed 8512K, reserved 1048576K
}

